<?xml version="1.0" encoding="UTF-8"?>
<!-- Generated by org.testng.reporters.JUnitReportReporter -->
<testsuite skipped="0" hostname="Jawahar-Reddy" name="Automation.HomePage" tests="2" failures="0" timestamp="2021-07-26T12:42:32 IST" time="26.141" errors="0">
  <testcase name="navApplication" time="13.000" classname="Automation.HomePage"/>
  <system-out/>
  <testcase name="navApplication" time="13.141" classname="Automation.HomePage"/>
  <system-out/>
</testsuite> <!-- Automation.HomePage -->
