<?xml version="1.0" encoding="UTF-8"?>
<!-- Generated by org.testng.reporters.JUnitReportReporter -->
<testsuite skipped="0" hostname="Jawahar-Reddy" name="saucedemo.LoginTest" tests="2" failures="0" timestamp="2021-07-26T13:05:08 IST" time="12.591" errors="0">
  <testcase name="Fn_Login_Validation" time="3.344" classname="saucedemo.LoginTest"/>
  <system-out/>
  <testcase name="Fn_SauceDemoURL" time="9.247" classname="saucedemo.LoginTest"/>
  <system-out/>
</testsuite> <!-- saucedemo.LoginTest -->
