<?xml version="1.0" encoding="UTF-8"?>
<!-- Generated by org.testng.reporters.JUnitReportReporter -->
<testsuite skipped="0" hostname="Jawahar-Reddy" name="saucedemo.ProductTest" tests="3" failures="0" timestamp="2021-07-26T01:43:14 IST" time="18.873" errors="0">
  <testcase name="Fn_SauceDemoURL" time="11.347" classname="saucedemo.ProductTest"/>
  <system-out/>
  <testcase name="Fn_Login_Validation" time="4.837" classname="saucedemo.ProductTest"/>
  <system-out/>
  <testcase name="Fn_Products_Validation_Adding" time="2.689" classname="saucedemo.ProductTest"/>
  <system-out/>
</testsuite> <!-- saucedemo.ProductTest -->
