<?xml version="1.0" encoding="UTF-8"?>
<!-- Generated by org.testng.reporters.JUnitReportReporter -->
<testsuite skipped="0" hostname="Jawahar-Reddy" name="saucedemo.LoginTest" tests="3" failures="0" timestamp="2021-07-27T02:40:41 IST" time="101.411" errors="0">
  <testcase name="Fn_Products_Validation_Adding" time="0.907" classname="saucedemo.LoginTest"/>
  <system-out/>
  <testcase name="Fn_Login_Validation" time="4.813" classname="saucedemo.LoginTest"/>
  <system-out/>
  <testcase name="Fn_SauceDemoURL" time="95.691" classname="saucedemo.LoginTest"/>
  <system-out/>
</testsuite> <!-- saucedemo.LoginTest -->
