<?xml version="1.0" encoding="UTF-8"?>
<!-- Generated by org.testng.reporters.JUnitReportReporter -->
<testsuite skipped="0" hostname="Jawahar-Reddy" name="Automation.HomePage" tests="2" failures="0" timestamp="2021-07-27T02:40:41 IST" time="44.503" errors="0">
  <testcase name="navApplication" time="23.245" classname="Automation.HomePage"/>
  <system-out/>
  <testcase name="navApplication" time="21.258" classname="Automation.HomePage"/>
  <system-out/>
</testsuite> <!-- Automation.HomePage -->
